{"/home/iarche/Documents/react/unit-test/src/App.js": {"path":"/home/iarche/Documents/react/unit-test/src/App.js","statementMap":{"0":{"start":{"line":6,"column":49},"end":{"line":6,"column":63}},"1":{"start":{"line":7,"column":31},"end":{"line":7,"column":42}},"2":{"start":{"line":9,"column":18},"end":{"line":9,"column":23}},"3":{"start":{"line":10,"column":25},"end":{"line":10,"column":37}},"4":{"start":{"line":11,"column":26},"end":{"line":11,"column":60}},"5":{"start":{"line":13,"column":25},"end":{"line":16,"column":5}},"6":{"start":{"line":14,"column":7},"end":{"line":14,"column":32}},"7":{"start":{"line":15,"column":7},"end":{"line":15,"column":37}},"8":{"start":{"line":17,"column":23},"end":{"line":21,"column":5}},"9":{"start":{"line":23,"column":4},"end":{"line":60,"column":6}},"10":{"start":{"line":48,"column":13},"end":{"line":52,"column":15}},"11":{"start":{"line":63,"column":0},"end":{"line":65,"column":1}}},"fnMap":{"0":{"name":"App","decl":{"start":{"line":5,"column":9},"end":{"line":5,"column":12}},"loc":{"start":{"line":5,"column":20},"end":{"line":61,"column":1}},"line":5},"1":{"name":"(anonymous_1)","decl":{"start":{"line":13,"column":25},"end":{"line":13,"column":26}},"loc":{"start":{"line":13,"column":32},"end":{"line":16,"column":5}},"line":13},"2":{"name":"(anonymous_2)","decl":{"start":{"line":47,"column":26},"end":{"line":47,"column":27}},"loc":{"start":{"line":47,"column":33},"end":{"line":53,"column":11}},"line":47}},"branchMap":{"0":{"loc":{"start":{"line":11,"column":26},"end":{"line":11,"column":60}},"type":"binary-expr","locations":[{"start":{"line":11,"column":26},"end":{"line":11,"column":42}},{"start":{"line":11,"column":46},"end":{"line":11,"column":60}}],"line":11},"1":{"loc":{"start":{"line":32,"column":11},"end":{"line":35,"column":17}},"type":"binary-expr","locations":[{"start":{"line":32,"column":11},"end":{"line":32,"column":24}},{"start":{"line":33,"column":11},"end":{"line":35,"column":16}}],"line":32}},"s":{"0":10,"1":10,"2":10,"3":10,"4":10,"5":10,"6":3,"7":3,"8":10,"9":10,"10":30,"11":1},"f":{"0":10,"1":3,"2":30},"b":{"0":[10,4],"1":[10,1]},"_coverageSchema":"1a1c01bbd47fc00a2c39e90264f33305004495a9","hash":"33c142d76403fd9772dfcc4e136de2d821fed2d0"}
}
